<?xml version="1.0" encoding="UTF-8"?>
<!-- Generated by org.testng.reporters.JUnitReportReporter -->
<testsuite hostname="LAPTOP-S4NH324F" failures="0" tests="6" name="Testng.fouth" time="0.026" errors="0" timestamp="2021-03-16T10:36:12 IST" skipped="1">
  <testcase classname="Testng.fouth" name="box" time="0.002"/>
  <system-out/>
  <testcase classname="Testng.fouth" name="eight" time="0.004"/>
  <system-out/>
  <testcase classname="Testng.fouth" name="nine" time="0.002"/>
  <system-out/>
  <testcase classname="Testng.fouth" name="line" time="0.014"/>
  <system-out/>
  <testcase classname="Testng.fouth" name="seven" time="0.004"/>
  <system-out/>
  <testcase classname="Testng.fouth" name="boxes">
    <skipped/>
  </testcase> <!-- boxes -->
  <system-out/>
</testsuite> <!-- Testng.fouth -->
