<?xml version="1.0" encoding="UTF-8"?>
<!-- Generated by org.testng.reporters.JUnitReportReporter -->
<testsuite hostname="LAPTOP-S4NH324F" failures="0" tests="4" name="Testng.SecondScript" time="0.020" errors="0" timestamp="2021-03-16T10:53:31 IST" skipped="0">
  <testcase classname="Testng.SecondScript" name="third" time="0.009"/>
  <system-out/>
  <testcase classname="Testng.SecondScript" name="third" time="0.004"/>
  <system-out/>
  <testcase classname="Testng.SecondScript" name="third" time="0.004"/>
  <system-out/>
  <testcase classname="Testng.SecondScript" name="third" time="0.003"/>
  <system-out/>
</testsuite> <!-- Testng.SecondScript -->
