<?xml version="1.0" encoding="UTF-8"?>
<!-- Generated by org.testng.reporters.JUnitReportReporter -->
<testsuite hostname="LAPTOP-S4NH324F" failures="0" tests="3" name="Testng.Third" time="0.011" errors="0" timestamp="2021-03-16T10:36:12 IST" skipped="0">
  <testcase classname="Testng.Third" name="fourth" time="0.002"/>
  <system-out/>
  <testcase classname="Testng.Third" name="sixth" time="0.005"/>
  <system-out/>
  <testcase classname="Testng.Third" name="fifth" time="0.004"/>
  <system-out/>
</testsuite> <!-- Testng.Third -->
