<?xml version="1.0" encoding="UTF-8"?>
<!-- Generated by org.testng.reporters.JUnitReportReporter -->
<testsuite hostname="LAPTOP-S4NH324F" failures="0" tests="1" name="Testng.FirstScript" time="0.013" errors="0" timestamp="2021-03-16T10:36:12 IST" skipped="0">
  <testcase classname="Testng.FirstScript" name="second" time="0.013"/>
  <system-out/>
</testsuite> <!-- Testng.FirstScript -->
